[FA Scan] Daily scan 2026-04-07...
  Layer 1: Yahoo FA queries...
  Layer 2: Savant quality filter...
  Savant batter_sc 2026: 398 rows
  Savant batter_ex 2026: 401 rows
  Savant pitcher_sc 2026: 424 rows
  Savant pitcher_ex 2026: 424 rows
  Layer 2: 49 FA → 49 name-matched + 0 fallback → 45 passed (24 bat / 21 SP / 0 RP)
  Layer 3: Enriching FA candidates...
  Downloading 2025 Savant CSVs...
  Savant batter_sc 2025: 666 rows
  Savant batter_ex 2025: 673 rows
  Savant pitcher_sc 2025: 873 rows
  Savant pitcher_ex 2025: 873 rows
  Layer 3: 45 → 45 enriched
  Layer 3: Enriching watch players...
  Savant batter_sc 2025: 666 rows
  Savant batter_ex 2025: 673 rows
  Savant pitcher_sc 2025: 873 rows
  Savant pitcher_ex 2025: 873 rows
  Pass 1 (打者): picking weakest...
  Pass 2 (打者): comparing...
  Pass 1 (SP): picking weakest...
  Pass 2 (SP): comparing...
