[Weekly Review] Week 3 (2026-04-06 ~ 2026-04-12)
  Fetching week 2 scoreboard (all teams)...
  Computing category ranks...
  Fetching daily report metadata...
  Computing roster performance (2026-03-30 ~ 2026-04-05)...
  Fetching Savant CSV for roster...
    Batter: Shea Langeliers...
    Batter: Christian Walker...
    Batter: Jazz Chisholm Jr....
    Batter: Manny Machado...
    Batter: Ezequiel Tovar...
    Batter: Jose Altuve...
    Batter: Byron Buxton...
    Batter: Lawrence Butler...
    Batter: Ozzie Albies...
    Batter: Jordan Walker...
    Batter: Sal Frelick...
    Batter: Giancarlo Stanton...
    Batter: Liam Hicks...
    SP: Tarik Skubal...
    SP: Chris Sale...
    SP: Cole Ragans...
    SP: Aaron Nola...
    SP: Brayan Bello...
    SP: Parker Messick...
    SP: Chris Bassitt...
    SP: Merrill Kelly...
      gamelog error: list index out of range
  Pitcher stats error (518876): list index out of range
    SP: Matthew Liberatore...
  Checking for weekly scan summary...
  Found scan issue #23 (2026-04-06)
  Fetching week 3 opponent...
  Opponent: Annbii Studio
  Fetching my roster (date=2026-04-06)...
  Fetching opponent roster (date=2026-04-06)...
  Fetching SP schedules (2026-04-06 ~ 2026-04-12)...
  Computing positional coverage...
[Weekly Review] Done (dry-run).
